<?xml version="1.0" encoding="UTF-8"?>
<!-- Generated by org.testng.reporters.JUnitReportReporter -->
<testsuite skipped="0" hostname="Mehuls-MacBook-Air.local" name="com.spotify.oauth2.tests.PlaylistViaGenericMethodsTests" tests="4" failures="0" timestamp="30 Aug 2021 14:20:01 GMT" time="25.565" errors="4">
  <testcase name="getAPlaylists" time="10.192" classname="com.spotify.oauth2.tests.PlaylistViaGenericMethodsTests">
    <error type="java.lang.RuntimeException" message="properties file not found at /Users/mehuljain/eclipse-workspace/SpotifyRestAssuredFramework/Resources/data.properties">
      <![CDATA[java.lang.RuntimeException: properties file not found at /Users/mehuljain/eclipse-workspace/SpotifyRestAssuredFramework/Resources/data.properties
at com.spotify.oauth2.api.utils.PropertyUtils.propertyLoader(PropertyUtils.java:24)
at com.spotify.oauth2.api.utils.DataLoader.<init>(DataLoader.java:11)
at com.spotify.oauth2.api.utils.DataLoader.getInstance(DataLoader.java:16)
at com.spotify.oauth2.tests.PlaylistViaGenericMethodsTests.getAPlaylists(PlaylistViaGenericMethodsTests.java:36)
at sun.reflect.NativeMethodAccessorImpl.invoke0(Native Method)
at sun.reflect.NativeMethodAccessorImpl.invoke(NativeMethodAccessorImpl.java:62)
at sun.reflect.DelegatingMethodAccessorImpl.invoke(DelegatingMethodAccessorImpl.java:43)
at java.lang.reflect.Method.invoke(Method.java:498)
at org.testng.internal.MethodInvocationHelper.invokeMethod(MethodInvocationHelper.java:124)
at org.testng.internal.Invoker.invokeMethod(Invoker.java:580)
at org.testng.internal.Invoker.invokeTestMethod(Invoker.java:716)
at org.testng.internal.Invoker.invokeTestMethods(Invoker.java:988)
at org.testng.internal.TestMethodWorker.invokeTestMethods(TestMethodWorker.java:125)
at org.testng.internal.TestMethodWorker.run(TestMethodWorker.java:109)
at org.testng.TestRunner.privateRun(TestRunner.java:648)
at org.testng.TestRunner.run(TestRunner.java:505)
at org.testng.SuiteRunner.runTest(SuiteRunner.java:455)
at org.testng.SuiteRunner.runSequentially(SuiteRunner.java:450)
at org.testng.SuiteRunner.privateRun(SuiteRunner.java:415)
at org.testng.SuiteRunner.run(SuiteRunner.java:364)
at org.testng.SuiteRunnerWorker.runSuite(SuiteRunnerWorker.java:52)
at org.testng.SuiteRunnerWorker.run(SuiteRunnerWorker.java:84)
at org.testng.TestNG.runSuitesSequentially(TestNG.java:1208)
at org.testng.TestNG.runSuitesLocally(TestNG.java:1137)
at org.testng.TestNG.runSuites(TestNG.java:1049)
at org.testng.TestNG.run(TestNG.java:1017)
at org.testng.remote.AbstractRemoteTestNG.run(AbstractRemoteTestNG.java:115)
at org.testng.remote.RemoteTestNG.initAndRun(RemoteTestNG.java:251)
at org.testng.remote.RemoteTestNG.main(RemoteTestNG.java:77)
]]>
    </error>
  </testcase> <!-- getAPlaylists -->
  <testcase name="shouldBeAbleToCreatePlaylist" time="5.256" classname="com.spotify.oauth2.tests.PlaylistViaGenericMethodsTests">
    <error type="java.lang.RuntimeException" message="properties file not found at /Users/mehuljain/eclipse-workspace/SpotifyRestAssuredFramework/Resources/config.properties">
      <![CDATA[java.lang.RuntimeException: properties file not found at /Users/mehuljain/eclipse-workspace/SpotifyRestAssuredFramework/Resources/config.properties
at com.spotify.oauth2.api.utils.PropertyUtils.propertyLoader(PropertyUtils.java:24)
at com.spotify.oauth2.api.utils.ConfigLoader.<init>(ConfigLoader.java:11)
at com.spotify.oauth2.api.utils.ConfigLoader.getInstance(ConfigLoader.java:16)
at com.spotify.oauth2.api.applicationAPI.PlaylistAPI.post(PlaylistAPI.java:16)
at com.spotify.oauth2.tests.PlaylistViaGenericMethodsTests.shouldBeAbleToCreatePlaylist(PlaylistViaGenericMethodsTests.java:29)
at sun.reflect.NativeMethodAccessorImpl.invoke0(Native Method)
at sun.reflect.NativeMethodAccessorImpl.invoke(NativeMethodAccessorImpl.java:62)
at sun.reflect.DelegatingMethodAccessorImpl.invoke(DelegatingMethodAccessorImpl.java:43)
at java.lang.reflect.Method.invoke(Method.java:498)
at org.testng.internal.MethodInvocationHelper.invokeMethod(MethodInvocationHelper.java:124)
at org.testng.internal.Invoker.invokeMethod(Invoker.java:580)
at org.testng.internal.Invoker.invokeTestMethod(Invoker.java:716)
at org.testng.internal.Invoker.invokeTestMethods(Invoker.java:988)
at org.testng.internal.TestMethodWorker.invokeTestMethods(TestMethodWorker.java:125)
at org.testng.internal.TestMethodWorker.run(TestMethodWorker.java:109)
at org.testng.TestRunner.privateRun(TestRunner.java:648)
at org.testng.TestRunner.run(TestRunner.java:505)
at org.testng.SuiteRunner.runTest(SuiteRunner.java:455)
at org.testng.SuiteRunner.runSequentially(SuiteRunner.java:450)
at org.testng.SuiteRunner.privateRun(SuiteRunner.java:415)
at org.testng.SuiteRunner.run(SuiteRunner.java:364)
at org.testng.SuiteRunnerWorker.runSuite(SuiteRunnerWorker.java:52)
at org.testng.SuiteRunnerWorker.run(SuiteRunnerWorker.java:84)
at org.testng.TestNG.runSuitesSequentially(TestNG.java:1208)
at org.testng.TestNG.runSuitesLocally(TestNG.java:1137)
at org.testng.TestNG.runSuites(TestNG.java:1049)
at org.testng.TestNG.run(TestNG.java:1017)
at org.testng.remote.AbstractRemoteTestNG.run(AbstractRemoteTestNG.java:115)
at org.testng.remote.RemoteTestNG.initAndRun(RemoteTestNG.java:251)
at org.testng.remote.RemoteTestNG.main(RemoteTestNG.java:77)
]]>
    </error>
  </testcase> <!-- shouldBeAbleToCreatePlaylist -->
  <testcase name="updateAPlaylist" time="5.076" classname="com.spotify.oauth2.tests.PlaylistViaGenericMethodsTests">
    <error type="java.lang.RuntimeException" message="properties file not found at /Users/mehuljain/eclipse-workspace/SpotifyRestAssuredFramework/Resources/data.properties">
      <![CDATA[java.lang.RuntimeException: properties file not found at /Users/mehuljain/eclipse-workspace/SpotifyRestAssuredFramework/Resources/data.properties
at com.spotify.oauth2.api.utils.PropertyUtils.propertyLoader(PropertyUtils.java:24)
at com.spotify.oauth2.api.utils.DataLoader.<init>(DataLoader.java:11)
at com.spotify.oauth2.api.utils.DataLoader.getInstance(DataLoader.java:16)
at com.spotify.oauth2.tests.PlaylistViaGenericMethodsTests.updateAPlaylist(PlaylistViaGenericMethodsTests.java:47)
at sun.reflect.NativeMethodAccessorImpl.invoke0(Native Method)
at sun.reflect.NativeMethodAccessorImpl.invoke(NativeMethodAccessorImpl.java:62)
at sun.reflect.DelegatingMethodAccessorImpl.invoke(DelegatingMethodAccessorImpl.java:43)
at java.lang.reflect.Method.invoke(Method.java:498)
at org.testng.internal.MethodInvocationHelper.invokeMethod(MethodInvocationHelper.java:124)
at org.testng.internal.Invoker.invokeMethod(Invoker.java:580)
at org.testng.internal.Invoker.invokeTestMethod(Invoker.java:716)
at org.testng.internal.Invoker.invokeTestMethods(Invoker.java:988)
at org.testng.internal.TestMethodWorker.invokeTestMethods(TestMethodWorker.java:125)
at org.testng.internal.TestMethodWorker.run(TestMethodWorker.java:109)
at org.testng.TestRunner.privateRun(TestRunner.java:648)
at org.testng.TestRunner.run(TestRunner.java:505)
at org.testng.SuiteRunner.runTest(SuiteRunner.java:455)
at org.testng.SuiteRunner.runSequentially(SuiteRunner.java:450)
at org.testng.SuiteRunner.privateRun(SuiteRunner.java:415)
at org.testng.SuiteRunner.run(SuiteRunner.java:364)
at org.testng.SuiteRunnerWorker.runSuite(SuiteRunnerWorker.java:52)
at org.testng.SuiteRunnerWorker.run(SuiteRunnerWorker.java:84)
at org.testng.TestNG.runSuitesSequentially(TestNG.java:1208)
at org.testng.TestNG.runSuitesLocally(TestNG.java:1137)
at org.testng.TestNG.runSuites(TestNG.java:1049)
at org.testng.TestNG.run(TestNG.java:1017)
at org.testng.remote.AbstractRemoteTestNG.run(AbstractRemoteTestNG.java:115)
at org.testng.remote.RemoteTestNG.initAndRun(RemoteTestNG.java:251)
at org.testng.remote.RemoteTestNG.main(RemoteTestNG.java:77)
]]>
    </error>
  </testcase> <!-- updateAPlaylist -->
  <testcase name="shouldNotBeAbleToCreatePlaylist" time="5.041" classname="com.spotify.oauth2.tests.PlaylistViaGenericMethodsTests">
    <error type="java.lang.RuntimeException" message="properties file not found at /Users/mehuljain/eclipse-workspace/SpotifyRestAssuredFramework/Resources/config.properties">
      <![CDATA[java.lang.RuntimeException: properties file not found at /Users/mehuljain/eclipse-workspace/SpotifyRestAssuredFramework/Resources/config.properties
at com.spotify.oauth2.api.utils.PropertyUtils.propertyLoader(PropertyUtils.java:24)
at com.spotify.oauth2.api.utils.ConfigLoader.<init>(ConfigLoader.java:11)
at com.spotify.oauth2.api.utils.ConfigLoader.getInstance(ConfigLoader.java:16)
at com.spotify.oauth2.api.applicationAPI.PlaylistAPI.post(PlaylistAPI.java:16)
at com.spotify.oauth2.tests.PlaylistViaGenericMethodsTests.shouldNotBeAbleToCreatePlaylist(PlaylistViaGenericMethodsTests.java:55)
at sun.reflect.NativeMethodAccessorImpl.invoke0(Native Method)
at sun.reflect.NativeMethodAccessorImpl.invoke(NativeMethodAccessorImpl.java:62)
at sun.reflect.DelegatingMethodAccessorImpl.invoke(DelegatingMethodAccessorImpl.java:43)
at java.lang.reflect.Method.invoke(Method.java:498)
at org.testng.internal.MethodInvocationHelper.invokeMethod(MethodInvocationHelper.java:124)
at org.testng.internal.Invoker.invokeMethod(Invoker.java:580)
at org.testng.internal.Invoker.invokeTestMethod(Invoker.java:716)
at org.testng.internal.Invoker.invokeTestMethods(Invoker.java:988)
at org.testng.internal.TestMethodWorker.invokeTestMethods(TestMethodWorker.java:125)
at org.testng.internal.TestMethodWorker.run(TestMethodWorker.java:109)
at org.testng.TestRunner.privateRun(TestRunner.java:648)
at org.testng.TestRunner.run(TestRunner.java:505)
at org.testng.SuiteRunner.runTest(SuiteRunner.java:455)
at org.testng.SuiteRunner.runSequentially(SuiteRunner.java:450)
at org.testng.SuiteRunner.privateRun(SuiteRunner.java:415)
at org.testng.SuiteRunner.run(SuiteRunner.java:364)
at org.testng.SuiteRunnerWorker.runSuite(SuiteRunnerWorker.java:52)
at org.testng.SuiteRunnerWorker.run(SuiteRunnerWorker.java:84)
at org.testng.TestNG.runSuitesSequentially(TestNG.java:1208)
at org.testng.TestNG.runSuitesLocally(TestNG.java:1137)
at org.testng.TestNG.runSuites(TestNG.java:1049)
at org.testng.TestNG.run(TestNG.java:1017)
at org.testng.remote.AbstractRemoteTestNG.run(AbstractRemoteTestNG.java:115)
at org.testng.remote.RemoteTestNG.initAndRun(RemoteTestNG.java:251)
at org.testng.remote.RemoteTestNG.main(RemoteTestNG.java:77)
]]>
    </error>
  </testcase> <!-- shouldNotBeAbleToCreatePlaylist -->
</testsuite> <!-- com.spotify.oauth2.tests.PlaylistViaGenericMethodsTests -->
